<?xml version="1.0" encoding="UTF-8"?>
<!-- Generated by org.testng.reporters.JUnitXMLReporter -->
<testsuite ignored="0" hostname="SAI-PRATHYUSHA-10" failures="0" tests="6" name="FunctionalTests" time="449.859" errors="0" timestamp="2025-07-29T11:25:56 IST">
  <testcase classname="test.CreateDemandTest" name="CreateNewDemand_Appian" time="158.231"/>
  <testcase classname="test.EditDemandTest" name="editExistingDemand" time="39.546"/>
  <testcase classname="test.HoldDemandTest" name="holdExistingDemand" time="17.669"/>
  <testcase classname="test.ResumeDemandTest" name="resumeExistingDemand" time="14.842"/>
  <testcase classname="test.CloseDemandTest" name="closeExistingDemand" time="17.966"/>
  <testcase classname="test.MapCandidateTest" name="MapCandidate" time="156.511"/>
</testsuite> <!-- FunctionalTests -->
