<?xml version="1.0" encoding="UTF-8"?>
<testng-results ignored="0" total="1" passed="1" failed="0" skipped="0">
  <reporter-output>
  </reporter-output>
  <suite started-at="2025-05-19T12:05:56 IST" name="Default suite" finished-at="2025-05-19T12:06:04 IST" duration-ms="8279">
    <groups>
    </groups>
    <test started-at="2025-05-19T12:05:56 IST" name="Default test" finished-at="2025-05-19T12:06:04 IST" duration-ms="8279">
      <class name="test.HomeTest">
        <test-method is-config="true" signature="init()[pri:0, instance:test.HomeTest@26d9b808]" started-at="2025-05-19T12:05:56 IST" name="init" finished-at="2025-05-19T12:06:03 IST" duration-ms="6767" status="PASS">
          <reporter-output>
          </reporter-output>
        </test-method> <!-- init -->
        <test-method signature="homeNavigation()[pri:0, instance:test.HomeTest@26d9b808]" started-at="2025-05-19T12:06:03 IST" name="homeNavigation" finished-at="2025-05-19T12:06:04 IST" duration-ms="1463" status="PASS">
          <reporter-output>
          </reporter-output>
        </test-method> <!-- homeNavigation -->
      </class> <!-- test.HomeTest -->
    </test> <!-- Default test -->
  </suite> <!-- Default suite -->
</testng-results>
